\BOOKMARK [0][-]{Doc-Start}{\376\377\000A\000b\000s\000t\000r\000a\000c\000t}{}% 1
\BOOKMARK [0][-]{Doc-Start}{\376\377\000A\000c\000k\000n\000o\000w\000l\000e\000d\000g\000e\000m\000e\000n\000t\000s}{}% 2
\BOOKMARK [0][-]{Doc-Start}{\376\377\000A\000b\000b\000r\000e\000v\000i\000a\000t\000i\000o\000n\000s}{}% 3
\BOOKMARK [0][-]{Doc-Start}{\376\377\000L\000i\000s\000t\000\040\000o\000f\000\040\000F\000i\000g\000u\000r\000e\000s}{}% 4
\BOOKMARK [0][-]{Doc-Start}{\376\377\000L\000i\000s\000t\000\040\000o\000f\000\040\000T\000a\000b\000l\000e\000s}{}% 5
\BOOKMARK [0][-]{chapter.1}{\376\377\000I\000n\000t\000r\000o\000d\000u\000c\000t\000i\000o\000n}{}% 6
\BOOKMARK [0][-]{chapter.2}{\376\377\000L\000i\000t\000e\000r\000a\000t\000u\000r\000e\000\040\000R\000e\000v\000i\000e\000w}{}% 7
\BOOKMARK [1][-]{section.2.1}{\376\377\000C\000u\000l\000t\000u\000r\000a\000l\000\040\000A\000d\000a\000p\000t\000a\000b\000i\000l\000i\000t\000y\000\040\000i\000n\000\040\000H\000u\000m\000a\000n\000-\000R\000o\000b\000o\000t\000\040\000I\000n\000t\000e\000r\000a\000c\000t\000i\000o\000n\000\040\000\050\000H\000R\000I\000\051}{chapter.2}% 8
\BOOKMARK [1][-]{section.2.2}{\376\377\000H\000R\000I\000\040\000R\000e\000s\000e\000a\000r\000c\000h\000\040\000a\000n\000d\000\040\000S\000o\000c\000i\000a\000l\000\040\000R\000o\000b\000o\000t\000s}{chapter.2}% 9
\BOOKMARK [1][-]{section.2.3}{\376\377\000T\000h\000e\000\040\000I\000n\000f\000l\000u\000e\000n\000c\000e\000\040\000o\000f\000\040\000B\000i\000a\000s\000\040\000i\000n\000\040\000A\000r\000t\000i\000f\000i\000c\000i\000a\000l\000\040\000I\000n\000t\000e\000l\000l\000i\000g\000e\000n\000c\000e\000\040\000o\000n\000\040\000C\000u\000l\000t\000u\000r\000a\000l\000\040\000H\000R\000I}{chapter.2}% 10
\BOOKMARK [1][-]{section.2.4}{\376\377\000C\000u\000l\000t\000u\000r\000a\000l\000\040\000R\000o\000b\000o\000t\000i\000c\000s}{chapter.2}% 11
\BOOKMARK [1][-]{section.2.5}{\376\377\000D\000e\000v\000e\000l\000o\000p\000i\000n\000g\000\040\000a\000n\000\040\000O\000p\000e\000n\000-\000S\000o\000u\000r\000c\000e\000\040\000F\000r\000a\000m\000e\000w\000o\000r\000k\000\040\000f\000o\000r\000\040\000C\000u\000l\000t\000u\000r\000a\000l\000\040\000H\000R\000I\000\040\000R\000e\000s\000e\000a\000r\000c\000h}{chapter.2}% 12
\BOOKMARK [0][-]{chapter.3}{\376\377\000O\000b\000j\000e\000c\000t\000i\000v\000e\000\040\000a\000n\000d\000\040\000S\000i\000g\000n\000i\000f\000i\000c\000a\000n\000c\000e}{}% 13
\BOOKMARK [1][-]{subsection.3.0.1}{\376\377\000C\000o\000n\000t\000r\000i\000b\000u\000t\000i\000o\000n}{chapter.3}% 14
\BOOKMARK [0][-]{chapter.4}{\376\377\000M\000e\000t\000h\000o\000d\000o\000l\000o\000g\000y}{}% 15
\BOOKMARK [1][-]{section.4.1}{\376\377\000E\000x\000p\000e\000r\000i\000m\000e\000n\000t\000a\000l\000\040\000D\000e\000s\000i\000g\000n}{chapter.4}% 16
\BOOKMARK [2][-]{subsection.4.1.1}{\376\377\000O\000f\000f\000i\000c\000e\000B\000o\000t\000s\000\040\000E\000n\000v\000i\000r\000o\000n\000m\000e\000n\000t}{section.4.1}% 17
\BOOKMARK [2][-]{subsection.4.1.2}{\376\377\000R\000o\000b\000o\000t\000\040\000B\000e\000h\000a\000v\000i\000o\000u\000r\000\040\000M\000o\000d\000i\000f\000i\000c\000a\000t\000i\000o\000n\000\040\000a\000n\000d\000\040\000S\000c\000e\000n\000a\000r\000i\000o\000s}{section.4.1}% 18
\BOOKMARK [1][-]{section.4.2}{\376\377\000P\000a\000r\000t\000i\000c\000i\000p\000a\000n\000t\000\040\000R\000e\000c\000r\000u\000i\000t\000m\000e\000n\000t}{chapter.4}% 19
\BOOKMARK [2][-]{subsection.4.2.1}{\376\377\000R\000e\000c\000r\000u\000i\000t\000m\000e\000n\000t\000\040\000M\000e\000t\000h\000o\000d\000o\000l\000o\000g\000y}{section.4.2}% 20
\BOOKMARK [2][-]{subsection.4.2.2}{\376\377\000S\000n\000o\000w\000b\000a\000l\000l\000\040\000S\000a\000m\000p\000l\000i\000n\000g}{section.4.2}% 21
\BOOKMARK [1][-]{section.4.3}{\376\377\000D\000a\000t\000a\000\040\000C\000o\000l\000l\000e\000c\000t\000i\000o\000n}{chapter.4}% 22
\BOOKMARK [2][-]{subsection.4.3.1}{\376\377\000E\000t\000h\000i\000c\000a\000l\000\040\000C\000o\000n\000s\000i\000d\000e\000r\000a\000t\000i\000o\000n\000s}{section.4.3}% 23
\BOOKMARK [1][-]{section.4.4}{\376\377\000E\000x\000p\000e\000r\000i\000m\000e\000n\000t\000\040\000P\000r\000o\000c\000e\000d\000u\000r\000e}{chapter.4}% 24
\BOOKMARK [2][-]{subsection.4.4.1}{\376\377\000B\000r\000i\000e\000f\000i\000n\000g\000\040\000a\000n\000d\000\040\000I\000n\000s\000t\000r\000u\000c\000t\000i\000o\000n\000s}{section.4.4}% 25
\BOOKMARK [2][-]{subsection.4.4.2}{\376\377\000E\000x\000e\000c\000u\000t\000i\000o\000n\000\040\000o\000f\000\040\000I\000n\000t\000e\000r\000a\000c\000t\000i\000o\000n\000\040\000S\000c\000e\000n\000a\000r\000i\000o\000s}{section.4.4}% 26
\BOOKMARK [2][-]{subsection.4.4.3}{\376\377\000E\000n\000s\000u\000r\000i\000n\000g\000\040\000F\000i\000d\000e\000l\000i\000t\000y\000\040\000a\000n\000d\000\040\000R\000e\000p\000l\000i\000c\000a\000b\000i\000l\000i\000t\000y}{section.4.4}% 27
\BOOKMARK [2][-]{subsection.4.4.4}{\376\377\000E\000t\000h\000i\000c\000a\000l\000\040\000H\000a\000n\000d\000l\000i\000n\000g\000\040\000o\000f\000\040\000D\000a\000t\000a}{section.4.4}% 28
\BOOKMARK [0][-]{chapter.5}{\376\377\000S\000o\000f\000t\000w\000a\000r\000e\000\040\000D\000e\000s\000i\000g\000n\000\040\000a\000n\000d\000\040\000I\000m\000p\000l\000e\000m\000e\000n\000t\000a\000t\000i\000o\000n}{}% 29
\BOOKMARK [1][-]{section.5.1}{\376\377\000R\000o\000b\000o\000t\000\040\000O\000p\000e\000r\000a\000t\000i\000n\000g\000\040\000S\000y\000s\000t\000e\000m\000\040\000\050\000R\000O\000S\000\051}{chapter.5}% 30
\BOOKMARK [1][-]{section.5.2}{\376\377\000R\000O\000S\0004\000H\000R\000I}{chapter.5}% 31
\BOOKMARK [1][-]{section.5.3}{\376\377\000O\000f\000f\000i\000c\000e\000B\000o\000t\000s}{chapter.5}% 32
\BOOKMARK [1][-]{section.5.4}{\376\377\000A\000r\000c\000h\000i\000t\000e\000c\000t\000u\000r\000e}{chapter.5}% 33
\BOOKMARK [2][-]{subsection.5.4.1}{\376\377\000F\000a\000c\000t\000o\000r\000y\000\040\000P\000a\000t\000t\000e\000r\000n}{section.5.4}% 34
\BOOKMARK [1][-]{section.5.5}{\376\377\000P\000r\000o\000g\000r\000a\000m\000m\000i\000n\000g\000\040\000L\000a\000n\000g\000u\000a\000g\000e\000s\000\040\000a\000n\000d\000\040\000T\000e\000c\000h\000n\000o\000l\000o\000g\000i\000e\000s}{chapter.5}% 35
\BOOKMARK [1][-]{section.5.6}{\376\377\000I\000n\000t\000e\000g\000r\000a\000t\000i\000o\000n\000\040\000a\000n\000d\000\040\000C\000o\000m\000m\000u\000n\000i\000c\000a\000t\000i\000o\000n}{chapter.5}% 36
\BOOKMARK [1][-]{section.5.7}{\376\377\000D\000e\000v\000e\000l\000o\000p\000m\000e\000n\000t\000\040\000E\000n\000v\000i\000r\000o\000n\000m\000e\000n\000t}{chapter.5}% 37
\BOOKMARK [1][-]{section.5.8}{\376\377\000T\000e\000s\000t\000i\000n\000g}{chapter.5}% 38
\BOOKMARK [2][-]{subsection.5.8.1}{\376\377\000U\000n\000i\000t\000\040\000T\000e\000s\000t\000i\000n\000g}{section.5.8}% 39
\BOOKMARK [2][-]{subsection.5.8.2}{\376\377\000I\000n\000t\000e\000g\000r\000a\000t\000i\000o\000n\000\040\000T\000e\000s\000t\000i\000n\000g}{section.5.8}% 40
\BOOKMARK [0][-]{chapter.6}{\376\377\000R\000e\000s\000u\000l\000t}{}% 41
\BOOKMARK [1][-]{section.6.1}{\376\377\000P\000a\000r\000t\000i\000c\000i\000p\000a\000n\000t\000\040\000D\000e\000m\000o\000g\000r\000a\000p\000h\000i\000c\000s}{chapter.6}% 42
\BOOKMARK [1][-]{section.6.2}{\376\377\000L\000o\000n\000g\000-\000t\000i\000m\000e\000\040\000r\000e\000s\000i\000d\000e\000n\000c\000e\000\040\000w\000e\000r\000e}{chapter.6}% 43
\BOOKMARK [1][-]{section.6.3}{\376\377\000R\000o\000b\000o\000t\000\040\000P\000r\000e\000f\000e\000r\000e\000n\000c\000e}{chapter.6}% 44
\BOOKMARK [1][-]{section.6.4}{\376\377\000R\000o\000b\000o\000t\000\040\000B\000e\000h\000a\000v\000i\000o\000u\000r\000s}{chapter.6}% 45
\BOOKMARK [1][-]{section.6.5}{\376\377\000R\000o\000b\000o\000t\000\040\000P\000e\000r\000f\000o\000r\000m\000a\000n\000c\000e\000\040\000R\000a\000t\000i\000n\000g\000s}{chapter.6}% 46
\BOOKMARK [0][-]{chapter.7}{\376\377\000D\000i\000s\000c\000u\000s\000s\000i\000o\000n}{}% 47
\BOOKMARK [0][-]{chapter.8}{\376\377\000E\000v\000a\000l\000u\000a\000t\000i\000o\000n}{}% 48
\BOOKMARK [1][-]{section.8.1}{\376\377\000C\000r\000i\000t\000i\000c\000a\000l\000\040\000E\000v\000a\000l\000u\000a\000t\000i\000o\000n\000\040\000o\000f\000\040\000t\000h\000e\000\040\000F\000r\000a\000m\000e\000w\000o\000r\000k}{chapter.8}% 49
\BOOKMARK [1][-]{section.8.2}{\376\377\000L\000i\000m\000i\000t\000a\000t\000i\000o\000n\000s}{chapter.8}% 50
\BOOKMARK [2][-]{subsection.8.2.1}{\376\377\000R\000i\000s\000k\000\040\000o\000f\000\040\000C\000u\000l\000t\000u\000r\000a\000l\000\040\000S\000t\000e\000r\000e\000o\000t\000y\000p\000i\000n\000g}{section.8.2}% 51
\BOOKMARK [2][-]{subsection.8.2.2}{\376\377\000A\000c\000c\000u\000r\000a\000c\000y\000\040\000a\000n\000d\000\040\000R\000e\000c\000o\000g\000n\000i\000t\000i\000o\000n}{section.8.2}% 52
\BOOKMARK [2][-]{subsection.8.2.3}{\376\377\000C\000o\000n\000t\000i\000n\000u\000o\000u\000s\000\040\000U\000p\000d\000a\000t\000e}{section.8.2}% 53
\BOOKMARK [2][-]{subsection.8.2.4}{\376\377\000C\000o\000m\000p\000l\000e\000x\000i\000t\000y}{section.8.2}% 54
\BOOKMARK [2][-]{subsection.8.2.5}{\376\377\000R\000e\000s\000i\000s\000t\000a\000n\000c\000e\000\040\000t\000o\000\040\000R\000o\000b\000o\000t\000\040\000P\000e\000r\000s\000o\000n\000a\000l\000i\000s\000a\000t\000i\000o\000n}{section.8.2}% 55
\BOOKMARK [0][-]{chapter.9}{\376\377\000F\000u\000t\000u\000r\000e\000\040\000E\000x\000t\000e\000n\000s\000i\000o\000n}{}% 56
\BOOKMARK [1][-]{section.9.1}{\376\377\000P\000o\000t\000e\000n\000t\000i\000a\000l\000\040\000E\000x\000t\000e\000n\000s\000i\000o\000n\000s\000\040\000a\000n\000d\000\040\000A\000p\000p\000l\000i\000c\000a\000t\000i\000o\000n\000s}{chapter.9}% 57
\BOOKMARK [2][-]{subsection.9.1.1}{\376\377\000G\000e\000n\000d\000e\000r\000\040\000C\000u\000l\000t\000u\000r\000e}{section.9.1}% 58
\BOOKMARK [2][-]{subsection.9.1.2}{\376\377\000R\000a\000c\000e\000\040\000C\000u\000l\000t\000u\000r\000e}{section.9.1}% 59
\BOOKMARK [0][-]{chapter.10}{\376\377\000C\000o\000n\000c\000l\000u\000s\000i\000o\000n}{}% 60
